<?xml version="1.0" encoding="UTF-8"?>
<testsuite name="SimulationEngineTest" tests="1" skipped="0" failures="0" errors="0" timestamp="2022-12-19T13:57:41" hostname="LAPTOP-D8F1NP3D" time="0.066">
  <properties/>
  <testcase name="runTest()" classname="SimulationEngineTest" time="0.066"/>
  <system-out><![CDATA[ y\x  0 1 2 3 4 5 6 7 8 9
  5: ---------------------
  4: | | | |^| | | | | | |
  3: | | | | | | | | | | |
  2: | | |^| | | | | | | |
  1: | | | | | | | | | | |
  0: | | | | | | | | | | |
 -1: ---------------------

 y\x  0 1 2 3 4 5 6 7 8 9
  5: ---------------------
  4: | | | |^| | | | | | |
  3: | | |^| | | | | | | |
  2: | | | | | | | | | | |
  1: | | | | | | | | | | |
  0: | | | | | | | | | | |
 -1: ---------------------

 y\x  0 1 2 3 4 5 6 7 8 9
  5: ---------------------
  4: | | | | | | | | | | |
  3: | | |^|^| | | | | | |
  2: | | | | | | | | | | |
  1: | | | | | | | | | | |
  0: | | | | | | | | | | |
 -1: ---------------------

 y\x  0 1 2 3 4 5 6 7 8 9
  5: ---------------------
  4: | | | | | | | | | | |
  3: | | |>|^| | | | | | |
  2: | | | | | | | | | | |
  1: | | | | | | | | | | |
  0: | | | | | | | | | | |
 -1: ---------------------

 y\x  0 1 2 3 4 5 6 7 8 9
  5: ---------------------
  4: | | | | | | | | | | |
  3: | | |>|<| | | | | | |
  2: | | | | | | | | | | |
  1: | | | | | | | | | | |
  0: | | | | | | | | | | |
 -1: ---------------------

 y\x  0 1 2 3 4 5 6 7 8 9
  5: ---------------------
  4: | | | | | | | | | | |
  3: | | |>|<| | | | | | |
  2: | | | | | | | | | | |
  1: | | | | | | | | | | |
  0: | | | | | | | | | | |
 -1: ---------------------

 y\x  0 1 2 3 4 5 6 7 8 9
  5: ---------------------
  4: | | | | | | | | | | |
  3: | | |>|<| | | | | | |
  2: | | | | | | | | | | |
  1: | | | | | | | | | | |
  0: | | | | | | | | | | |
 -1: ---------------------

 y\x  0 1 2 3 4 5 6 7 8 9
  5: ---------------------
  4: | | | | | | | | | | |
  3: | | |v|<| | | | | | |
  2: | | | | | | | | | | |
  1: | | | | | | | | | | |
  0: | | | | | | | | | | |
 -1: ---------------------

 y\x  0 1 2 3 4 5 6 7 8 9
  5: ---------------------
  4: | | | | | | | | | | |
  3: | | |v|^| | | | | | |
  2: | | | | | | | | | | |
  1: | | | | | | | | | | |
  0: | | | | | | | | | | |
 -1: ---------------------

 y\x  0 1 2 3 4 5 6 7 8 9
  5: ---------------------
  4: | | | | | | | | | | |
  3: | | | |^| | | | | | |
  2: | | |v| | | | | | | |
  1: | | | | | | | | | | |
  0: | | | | | | | | | | |
 -1: ---------------------

 y\x  0 1 2 3 4 5 6 7 8 9
  5: ---------------------
  4: | | | |^| | | | | | |
  3: | | | | | | | | | | |
  2: | | |v| | | | | | | |
  1: | | | | | | | | | | |
  0: | | | | | | | | | | |
 -1: ---------------------

 y\x  0 1 2 3 4 5 6 7 8 9
  5: ---------------------
  4: | | | |^| | | | | | |
  3: | | | | | | | | | | |
  2: | | | | | | | | | | |
  1: | | |v| | | | | | | |
  0: | | | | | | | | | | |
 -1: ---------------------

 y\x  0 1 2 3 4 5 6 7 8 9
  5: ---------------------
  4: | | | |^| | | | | | |
  3: | | | | | | | | | | |
  2: | | | | | | | | | | |
  1: | | |v| | | | | | | |
  0: | | | | | | | | | | |
 -1: ---------------------

 y\x  0 1 2 3 4 5 6 7 8 9
  5: ---------------------
  4: | | | |^| | | | | | |
  3: | | | | | | | | | | |
  2: | | | | | | | | | | |
  1: | | | | | | | | | | |
  0: | | |v| | | | | | | |
 -1: ---------------------

]]></system-out>
  <system-err><![CDATA[]]></system-err>
</testsuite>
