<?xml version="1.0" encoding="UTF-8"?>
<testsuite name="Vector2dTest" tests="1" skipped="0" failures="0" errors="0" timestamp="2022-12-16T11:04:24" hostname="LAPTOP-D8F1NP3D" time="0.023">
  <properties/>
  <testcase name="oppositeTest()" classname="Vector2dTest" time="0.023"/>
  <system-out><![CDATA[]]></system-out>
  <system-err><![CDATA[]]></system-err>
</testsuite>
